  Graphics.cpp
C:\Users\7h2d1\Desktop\programming fundamentals 2\Project\SIMON\Graphics.cpp(159,31): warning C4244: '=': conversion from 'float' to 'int', possible loss of data
C:\Users\7h2d1\Desktop\programming fundamentals 2\Project\SIMON\Graphics.cpp(160,31): warning C4244: '=': conversion from 'float' to 'int', possible loss of data
C:\Users\7h2d1\Desktop\programming fundamentals 2\Project\SIMON\Graphics.cpp(161,23): warning C4244: '=': conversion from 'float' to 'int', possible loss of data
C:\Users\7h2d1\Desktop\programming fundamentals 2\Project\SIMON\Graphics.cpp(162,23): warning C4244: '=': conversion from 'float' to 'int', possible loss of data
C:\Users\7h2d1\Desktop\programming fundamentals 2\Project\SIMON\Graphics.cpp(177,31): warning C4244: '=': conversion from 'float' to 'int', possible loss of data
C:\Users\7h2d1\Desktop\programming fundamentals 2\Project\SIMON\Graphics.cpp(178,31): warning C4244: '=': conversion from 'float' to 'int', possible loss of data
C:\Users\7h2d1\Desktop\programming fundamentals 2\Project\SIMON\Graphics.cpp(179,23): warning C4244: '=': conversion from 'float' to 'int', possible loss of data
C:\Users\7h2d1\Desktop\programming fundamentals 2\Project\SIMON\Graphics.cpp(180,23): warning C4244: '=': conversion from 'float' to 'int', possible loss of data
C:\Users\7h2d1\Desktop\programming fundamentals 2\Project\SIMON\Graphics.cpp(182,99): warning C4244: 'argument': conversion from 'float' to 'int', possible loss of data
C:\Users\7h2d1\Desktop\programming fundamentals 2\Project\SIMON\Graphics.cpp(182,85): warning C4244: 'argument': conversion from 'float' to 'int', possible loss of data
C:\Users\7h2d1\Desktop\programming fundamentals 2\Project\SIMON\Graphics.cpp(182,71): warning C4244: 'argument': conversion from 'float' to 'int', possible loss of data
C:\Users\7h2d1\Desktop\programming fundamentals 2\Project\SIMON\Graphics.cpp(182,49): warning C4244: 'argument': conversion from 'float' to 'int', possible loss of data
C:\Users\7h2d1\Desktop\programming fundamentals 2\Project\SIMON\Graphics.cpp(205,19): warning C4244: '=': conversion from 'float' to 'int', possible loss of data
C:\Users\7h2d1\Desktop\programming fundamentals 2\Project\SIMON\Graphics.cpp(206,19): warning C4244: '=': conversion from 'float' to 'int', possible loss of data
Frog.obj : error LNK2019: unresolved external symbol SDL_RenderCopy referenced in function "public: void __cdecl Frog::display(void)" (?display@Frog@@QEAAXXZ)
Graphics.obj : error LNK2001: unresolved external symbol SDL_RenderCopy
GameManager.obj : error LNK2019: unresolved external symbol SDL_GetError referenced in function "public: void __cdecl GameManager::loadMedia(void)" (?loadMedia@GameManager@@QEAAXXZ)
GameManager.obj : error LNK2019: unresolved external symbol SDL_RWFromFile referenced in function "public: void __cdecl GameManager::loadMedia(void)" (?loadMedia@GameManager@@QEAAXXZ)
GameManager.obj : error LNK2019: unresolved external symbol SDL_Quit referenced in function "public: void __cdecl GameManager::cleanUp(void)" (?cleanUp@GameManager@@QEAAXXZ)
GameManager.obj : error LNK2019: unresolved external symbol Mix_LoadWAV_RW referenced in function "public: void __cdecl GameManager::loadMedia(void)" (?loadMedia@GameManager@@QEAAXXZ)
GameManager.obj : error LNK2019: unresolved external symbol Mix_LoadMUS referenced in function "public: void __cdecl GameManager::loadMedia(void)" (?loadMedia@GameManager@@QEAAXXZ)
GameManager.obj : error LNK2019: unresolved external symbol Mix_FreeChunk referenced in function "public: void __cdecl GameManager::cleanUp(void)" (?cleanUp@GameManager@@QEAAXXZ)
GameManager.obj : error LNK2019: unresolved external symbol Mix_FreeMusic referenced in function "public: void __cdecl GameManager::cleanUp(void)" (?cleanUp@GameManager@@QEAAXXZ)
GameManager.obj : error LNK2019: unresolved external symbol Mix_PlayMusic referenced in function "public: void __cdecl GameManager::playMusic(struct _Mix_Music *)" (?playMusic@GameManager@@QEAAXPEAU_Mix_Music@@@Z)
GameManager.obj : error LNK2019: unresolved external symbol Mix_PauseMusic referenced in function "public: void __cdecl GameManager::playMusic(struct _Mix_Music *)" (?playMusic@GameManager@@QEAAXPEAU_Mix_Music@@@Z)
GameManager.obj : error LNK2019: unresolved external symbol Mix_ResumeMusic referenced in function "public: void __cdecl GameManager::playMusic(struct _Mix_Music *)" (?playMusic@GameManager@@QEAAXPEAU_Mix_Music@@@Z)
GameManager.obj : error LNK2019: unresolved external symbol Mix_PausedMusic referenced in function "public: void __cdecl GameManager::playMusic(struct _Mix_Music *)" (?playMusic@GameManager@@QEAAXPEAU_Mix_Music@@@Z)
GameManager.obj : error LNK2019: unresolved external symbol Mix_PlayingMusic referenced in function "public: void __cdecl GameManager::playMusic(struct _Mix_Music *)" (?playMusic@GameManager@@QEAAXPEAU_Mix_Music@@@Z)
Graphics.obj : error LNK2019: unresolved external symbol SDL_FreeSurface referenced in function "public: static void __cdecl Graphics::LoadFrog(class Frog * const)" (?LoadFrog@Graphics@@SAXQEAVFrog@@@Z)
Graphics.obj : error LNK2019: unresolved external symbol SDL_CreateWindow referenced in function "public: static bool __cdecl Graphics::Init(void)" (?Init@Graphics@@SA_NXZ)
Graphics.obj : error LNK2019: unresolved external symbol SDL_CreateRenderer referenced in function "public: static bool __cdecl Graphics::Init(void)" (?Init@Graphics@@SA_NXZ)
Graphics.obj : error LNK2019: unresolved external symbol SDL_CreateTextureFromSurface referenced in function "public: static void __cdecl Graphics::LoadFrog(class Frog * const)" (?LoadFrog@Graphics@@SAXQEAVFrog@@@Z)
Graphics.obj : error LNK2019: unresolved external symbol SDL_SetRenderDrawColor referenced in function "public: static void __cdecl Graphics::SetColor(struct Colour)" (?SetColor@Graphics@@SAXUColour@@@Z)
Graphics.obj : error LNK2019: unresolved external symbol SDL_RenderClear referenced in function "public: static void __cdecl Graphics::StartRender(void)" (?StartRender@Graphics@@SAXXZ)
Graphics.obj : error LNK2019: unresolved external symbol SDL_RenderDrawLine referenced in function "public: static void __cdecl Graphics::DrawLine(struct Transform2D,struct Vec2D)" (?DrawLine@Graphics@@SAXUTransform2D@@UVec2D@@@Z)
Graphics.obj : error LNK2019: unresolved external symbol SDL_RenderDrawRect referenced in function "public: static void __cdecl Graphics::DrawRect(struct Transform2D,struct Vec2D,bool)" (?DrawRect@Graphics@@SAXUTransform2D@@UVec2D@@_N@Z)
Graphics.obj : error LNK2019: unresolved external symbol SDL_RenderFillRect referenced in function "public: static void __cdecl Graphics::DrawRect(struct Transform2D,struct Vec2D,bool)" (?DrawRect@Graphics@@SAXUTransform2D@@UVec2D@@_N@Z)
Graphics.obj : error LNK2019: unresolved external symbol SDL_RenderPresent referenced in function "public: static void __cdecl Graphics::EndRender(void)" (?EndRender@Graphics@@SAXXZ)
Graphics.obj : error LNK2019: unresolved external symbol SDL_DestroyTexture referenced in function "public: static void __cdecl Graphics::printText(char const *,float,float,int,int)" (?printText@Graphics@@SAXPEBDMMHH@Z)
Graphics.obj : error LNK2019: unresolved external symbol SDL_Delay referenced in function "public: static void __cdecl Graphics::EndRender(void)" (?EndRender@Graphics@@SAXXZ)
main.obj : error LNK2001: unresolved external symbol SDL_Delay
Graphics.obj : error LNK2019: unresolved external symbol IMG_Load referenced in function "public: static void __cdecl Graphics::LoadFrog(class Frog * const)" (?LoadFrog@Graphics@@SAXQEAVFrog@@@Z)
Graphics.obj : error LNK2019: unresolved external symbol TTF_Init referenced in function "public: static bool __cdecl Graphics::Init(void)" (?Init@Graphics@@SA_NXZ)
Graphics.obj : error LNK2019: unresolved external symbol TTF_OpenFont referenced in function "public: static void __cdecl Graphics::printText(char const *,float,float,int,int)" (?printText@Graphics@@SAXPEBDMMHH@Z)
Graphics.obj : error LNK2019: unresolved external symbol TTF_RenderText_Solid referenced in function "public: static void __cdecl Graphics::printText(char const *,float,float,int,int)" (?printText@Graphics@@SAXPEBDMMHH@Z)
Graphics.obj : error LNK2019: unresolved external symbol TTF_Quit referenced in function "public: static void __cdecl Graphics::cleanUpTTF(void)" (?cleanUpTTF@Graphics@@SAXXZ)
EventHandler.obj : error LNK2019: unresolved external symbol XInputGetState referenced in function "public: static void __cdecl EventHandler::Update(class GameManager *)" (?Update@EventHandler@@SAXPEAVGameManager@@@Z)
MSVCRTD.lib(exe_main.obj) : error LNK2019: unresolved external symbol main referenced in function "int __cdecl invoke_main(void)" (?invoke_main@@YAHXZ)
SDL2.lib : warning LNK4272: library machine type 'x86' conflicts with target machine type 'x64'
SDL2main.lib : warning LNK4272: library machine type 'x86' conflicts with target machine type 'x64'
C:\Users\7h2d1\Desktop\programming fundamentals 2\Project\x64\Debug\SIMON.exe : fatal error LNK1120: 32 unresolved externals
